
Time: 21/1/2026, 9:45:22 pm
Platform: win32
CPU Cores: 16
Total Memory: 16004.86 MB
Free Memory: 5051.55 MB
-----------------------------

Time: 21/1/2026, 9:45:27 pm
Platform: win32
CPU Cores: 16
Total Memory: 16004.86 MB
Free Memory: 5022.24 MB
-----------------------------

Time: 21/1/2026, 9:45:32 pm
Platform: win32
CPU Cores: 16
Total Memory: 16004.86 MB
Free Memory: 5029.13 MB
-----------------------------

Time: 21/1/2026, 9:45:37 pm
Platform: win32
CPU Cores: 16
Total Memory: 16004.86 MB
Free Memory: 5029.95 MB
-----------------------------
